<?xml version="1.0" encoding="UTF-8"?>
<testng-results ignored="0" total="1" passed="1" failed="0" skipped="0">
  <reporter-output>
  </reporter-output>
  <suite started-at="2022-02-22T21:48:45 MSK" name="TestMain" finished-at="2022-02-22T21:48:45 MSK" duration-ms="78">
    <groups>
    </groups>
    <test started-at="2022-02-22T21:48:45 MSK" name="Command line test" finished-at="2022-02-22T21:48:45 MSK" duration-ms="78">
      <class name="TestMain">
        <test-method is-config="true" signature="setUp()[pri:0, instance:TestMain@782663d3]" started-at="2022-02-22T21:48:45 MSK" name="setUp" finished-at="2022-02-22T21:48:45 MSK" duration-ms="15" status="PASS">
          <reporter-output>
          </reporter-output>
        </test-method> <!-- setUp -->
        <test-method signature="testing()[pri:0, instance:TestMain@782663d3]" started-at="2022-02-22T21:48:45 MSK" name="testing" finished-at="2022-02-22T21:48:45 MSK" duration-ms="0" status="PASS">
          <reporter-output>
          </reporter-output>
        </test-method> <!-- testing -->
        <test-method is-config="true" signature="afterMethod()[pri:0, instance:TestMain@782663d3]" started-at="2022-02-22T21:48:45 MSK" name="afterMethod" finished-at="2022-02-22T21:48:45 MSK" duration-ms="0" status="PASS">
          <reporter-output>
          </reporter-output>
        </test-method> <!-- afterMethod -->
      </class> <!-- TestMain -->
    </test> <!-- Command line test -->
  </suite> <!-- TestMain -->
</testng-results>
